F00 Assembler 0.01 Jeff Davies 1.10.99 GPL
Source from file: helloworld.asm
Output to file: out.bin
Image Output to file: out.img
Symbols written to: out.sym
Crossreference written to: out.xrf
Source file opened ok.
Output file opened ok.
Image output file opened ok.
Symbol output file opened ok.
Crossref output file opened ok.

	CODEORG 0
setting code pointer (0)

;might as well be explicit about the start of code space



RESET:	LOADIMM R0,32767	;the address of the virtual uart
defining code pointer RESET (0)
Address 0  Code 16384
Address 1  Code 32767

	LOADIMM R1,72		; 'H'
Address 2  Code 16416
Address 3  Code 72

	STORE R1,R0		;write it to the uart
Address 4  Code 1056

	LOADIMM R1,69		; 'E'
Address 5  Code 16416
Address 6  Code 69

	STORE R1,R0		;write it to the uart
Address 7  Code 1056

	LOADIMM R1,76		; 'L'
Address 8  Code 16416
Address 9  Code 76

	STORE R1,R0		;write it to the uart
Address 10  Code 1056

	LOADIMM R1,76		; 'L'
Address 11  Code 16416
Address 12  Code 76

	STORE R1,R0		;write it to the uart
Address 13  Code 1056

	LOADIMM R1,79		; 'O'
Address 14  Code 16416
Address 15  Code 79

	STORE R1,R0		;write it to the uart
Address 16  Code 1056

	LOADIMM R1,32		; ' '
Address 17  Code 16416
Address 18  Code 32

	STORE R1,R0		;write it to the uart
Address 19  Code 1056



	LOADIMM R1,85		; 'W'
Address 20  Code 16416
Address 21  Code 85

	STORE R1,R0		;write it to the uart
Address 22  Code 1056

	LOADIMM R1,79		; 'O'
Address 23  Code 16416
Address 24  Code 79

	STORE R1,R0		;write it to the uart
Address 25  Code 1056

	LOADIMM R1,82		; 'R'
Address 26  Code 16416
Address 27  Code 82

	STORE R1,R0		;write it to the uart
Address 28  Code 1056

	LOADIMM R1,76		; 'L'
Address 29  Code 16416
Address 30  Code 76

	STORE R1,R0		;write it to the uart
Address 31  Code 1056

	LOADIMM R1,68		; 'D'
Address 32  Code 16416
Address 33  Code 68

	STORE R1,R0		;write it to the uart
Address 34  Code 1056

	LOADIMM R1,10		; CR
Address 35  Code 16416
Address 36  Code 10

	STORE R1,R0		;write it to the uart
Address 37  Code 1056

	LOADIMM R1,13		; LF
Address 38  Code 16416
Address 39  Code 13

	STORE R1,R0		;write it to the uart
Address 40  Code 1056



	LOADIMM R2,0
Address 41  Code 16448
Address 42  Code 0

	JUMPABS R2
p2 = 
************Address 43  Code 5184



;some dummy data to test compiler

	DATAORG 200
setting data pointer (200)

		

DATA1:	WORD 45678
Data Address 200, WORD 45678defining data pointer DATA1 (200)

	WORD 12333
Data Address 201, WORD 12333
	WORD 12
Data Address 202, WORD 12


NEWLBL:	MOVE R12,R1
defining code pointer NEWLBL (44)
Address 44  Code 2433

	JUMPRIMM NEWLBL
Address 45  Code 6144

	

	

;	    a  b  c  d  e  f  g  h  i  j  k  l  m  n  o  p  q  r  s  t  w  

;           65,66,67,68,69,70,71,72,73,74,75,76,77,78,79,80,81,82,83,84,85






