abl2edif:  version M1.5.25 -- Xilinx ABEL Software
Copyright (c) 1996 Xilinx Inc. All Right Reserved.

	Input   : C:\fndtn\Active\projects\F0016\ISM.abl
	Design  : ISM
	Family  : SPARTAN
	Strategy: mod
	Optimize: balance
	Output  : C:\fndtn\Active\projects\F0016\ISM.edn


Xabel Executing...
ahdl2blf ISM.abl -mod ISM -ojhd compile -err ISM.err

AHDL2BLF  ABEL-HDL Processor
ABEL 6.30 Copyright 1983-1996 Data I/O Corp. All Rights Reserved.

Xabel Executing...
blifopt ISM.bl0 -o ISM.bl1 -red bypin choose -collaps -err ISM.err

BLIFOPT  Open-ABEL Optimizer 
U.C. Berkeley, SIS Ver. 1.0, modified by Data I/O Corp.
ABEL 6.30 Copyright 1983-1996 Data I/O Corp. All Rights Reserved.

Xabel Executing...
blif2eqn ISM.bl1 -o ISM.eq1 -err ISM.err

BLIF2EQN  Open-ABEL Report Generator
ABEL 6.30 Copyright 1983-1996 Data I/O Corp. All Rights Reserved.

Xabel Executing...
bliflink ISM.bl1 -o ISM.bl2 -omod ISM -err ISM.err

BLIFLINK  Top-Down Design Linker
ABEL 6.30 Copyright 1983-1996 Data I/O Corp. All Rights Reserved.

Xabel Executing...
blif2eqn ISM.bl2 -o ISM.eq2 -err ISM.err

BLIF2EQN  Open-ABEL Report Generator
ABEL 6.30 Copyright 1983-1996 Data I/O Corp. All Rights Reserved.

Xabel Executing...
blifopt ISM.bl2 -o ISM.bl3 -red bypin choose -collaps -err ISM.err

BLIFOPT  Open-ABEL Optimizer 
U.C. Berkeley, SIS Ver. 1.0, modified by Data I/O Corp.
ABEL 6.30 Copyright 1983-1996 Data I/O Corp. All Rights Reserved.

Xabel Executing...
diofft ISM.bl3 -o ISM.bl4 -idev fpga -dev xc_mod -err ISM.err

DIOFFT  Flip-Flop Transformation program
ABEL 6.30 Copyright 1983-1996 Data I/O Corp. All Rights Reserved.



DIOFFT complete. - Time 3 seconds


Xabel Executing...
blif2eqn ISM.bl4 -o ISM.eq3 -err ISM.err

BLIF2EQN  Open-ABEL Report Generator
ABEL 6.30 Copyright 1983-1996 Data I/O Corp. All Rights Reserved.

Xabel Executing...
pifg_xa ISM.bl4 -o ISM.if -err ISM.err

pifg_xa  Property Intermediate Form Generator (XABEL) by Synario Design Automation.
ABEL 6.30 Copyright 1983-1996 Data I/O Corp. All Rights Reserved.

Xabel Executing...
blif2net ISM.bl4 -o ISM.edn -str mod -inc ISM.if -idev C:\fndtn\data\xlnxlib\xlnx_edf.rul -lib C:\fndtn\data\xlnxlib -err ISM.err

Blif2Net  Open-Abel 2 To Netlist Translator
ABEL 6.30 Copyright 1983-1996 Data I/O Corp. All Rights Reserved.
Acknowledgments:
    This program is based on MISII, a UC Berkeley optimization tool.

Warning 18861: PIN name _RESET being renamed to RESET.
Warning 18825: No logic associated with pin 'IBUS10.'
Warning 18825: No logic associated with pin 'INTERRUPT.'
Warning 18825: No logic associated with pin 'ALU_ADD.'
Warning 18825: No logic associated with pin 'ALU_CARRY_IN.'
Warning 18825: No logic associated with pin 'BUS_NOT_SIGNEXTEND_TO_TEMP.'
Warning 18825: No logic associated with pin 'ENABLE_ADDER_TO_RESULT.'
Warning 18825: No logic associated with pin 'ENABLE_AND_TO_RESULT.'
Warning 18825: No logic associated with pin 'ENABLE_BUS_TO_ALU.'
Warning 18825: No logic associated with pin 'ENABLE_CARRY_FROM_ALU.'
Warning 18825: No logic associated with pin 'ENABLE_CARRY_OUT_TO_SHIFT_IN.'
Warning 18825: No logic associated with pin 'ENABLE_DATABUS_TO_LOGICAL.'
Warning 18825: No logic associated with pin 'ENABLE_GROUND_TO_BUS.'
Warning 18825: No logic associated with pin 'ENABLE_INSTRUCTION_STATE.'
Warning 18825: No logic associated with pin 'ENABLE_INTERNAL_TO_EXTERNAL.'
Warning 18825: No logic associated with pin 'ENABLE_INVERT_TO_RESULT.'
Warning 18825: No logic associated with pin 'ENABLE_LOAD_SHIFT.'
Warning 18825: No logic associated with pin 'ENABLE_MMU_PHYS_TO_BUS.'
Warning 18825: No logic associated with pin 'ENABLE_OR_TO_RESULT.'
Warning 18825: No logic associated with pin 'ENABLE_OVERFLOW_FROM_ALU.'
Warning 18825: No logic associated with pin 'ENABLE_PC_TO_BUS.'
Warning 18825: No logic associated with pin 'ENABLE_RESULT_TO_BUS.'
Warning 18825: No logic associated with pin 'ENABLE_SHIFT_OUT_TO_CARRY_IN.'
Warning 18825: No logic associated with pin 'ENABLE_SHIFT_OUT_TO_SHIFT_IN.'
Warning 18825: No logic associated with pin 'ENABLE_SHIFTER_TO_RESULT.'
Warning 18825: No logic associated with pin 'ENABLE_SUPERREG_READ.'
Warning 18825: No logic associated with pin 'ENABLE_SUPERREG_WRITE.'
Warning 18825: No logic associated with pin 'ENABLE_USR_FROM_BUS.'
Warning 18825: No logic associated with pin 'ENABLE_USR_TO_BUS.'
Warning 18825: No logic associated with pin 'ENABLE_ZERO_TO_USR.'
Warning 18825: No logic associated with pin 'LOAD_CARRY_BIT.'
Warning 18825: No logic associated with pin 'LOAD_OPERAND.'
Warning 18825: No logic associated with pin 'LOAD_OVERFLOW_BIT.'
Warning 18825: No logic associated with pin 'LOAD_PC.'
Warning 18825: No logic associated with pin 'LOAD_RESULT_LATCH.'
Warning 18825: No logic associated with pin 'LOAD_SHIFT.'
Warning 18825: No logic associated with pin 'LOAD_ZERO_BIT.'
Warning 18825: No logic associated with pin 'READ_MMU.'
Warning 18825: No logic associated with pin 'SHIFT_LEFT_NOT_RIGHT.'
Warning 18825: No logic associated with pin 'SHIFT_OUT_BIT.'
Warning 18825: No logic associated with pin 'SREGADDR_FROM_IWORD_NOT_UCODE.'
Warning 18825: No logic associated with pin 'SUPERREG_ADDR_FROM_UCODE2.'
Warning 18825: No logic associated with pin 'SUPERREG_ADDR_FROM_UCODE1.'
Warning 18825: No logic associated with pin 'SUPERREG_ADDR_FROM_UCODE0.'
Warning 18825: No logic associated with pin 'UC_LOAD_FREEZE.'
Warning 18825: No logic associated with pin 'UC_LOAD_ILLEGAL.'
Warning 18825: No logic associated with pin 'UC_LOAD_INTENABLE.'
Warning 18825: No logic associated with pin 'UC_LOAD_SOFTINT.'
Warning 18825: No logic associated with pin 'WRITE_MMU.'
abl2edif has succeeded.

