[coded]
$Net00332_=X36_NET00332_X95
$1I13=X36_1I13
$1I14=X36_1I14
$1I15=X36_1I15
$1I16=X36_1I16
$1I17=X36_1I17
$1I18=X36_1I18
$1I19=X36_1I19
$1I2=X36_1I2
$1I31=X36_1I31
$1I3=X36_1I3
$1I4=X36_1I4
$1I56=X36_1I56
$1I5=X36_1I5
$1I68=X36_1I68
$1I6=X36_1I6
$1I7=X36_1I7
$1I8=X36_1I8
$1I9=X36_1I9

[generated]
Q5_assign_I0=
Q4_assign_I0=
Q6_assign_I0=
Q7_assign_I0=
Q3_assign_I0=
Q2_assign_I0=
Q1_assign_I0=
Q0_assign_T=
Q15_assign_I0=
Q14_assign_I1=
Q13_assign_I0=
Q12_assign_I0=
TC_assign_I1=
Q9_assign_I0=
Q8_assign_I0=
Q10_assign_I0=
Q11_assign_I0=

[changed]
Q0=Q0_comp
Q1=Q1_comp
Q10=Q10_comp
Q11=Q11_comp
Q12=Q12_comp
Q13=Q13_comp
Q14=Q14_comp
Q15=Q15_comp
Q2=Q2_comp
Q3=Q3_comp
Q4=Q4_comp
Q5=Q5_comp
Q6=Q6_comp
Q7=Q7_comp
Q8=Q8_comp
Q9=Q9_comp
