CONV_ACS, 2.5.5.51, Mon Oct 18 23:51:32 1999

	: Exporting f0016.alb to Vhdl netlist
	: Exporting C:\FNDTN\ACTIVE\PROJECTS\F0016\f0016.alb netlist...
	: Netlist exported successfully
	: Exporting macro D3_8E to Vhdl netlist
	: Exporting D3_8E macro...
	: Macro exported successfully
	: Exporting macro BUFE8 to Vhdl netlist
	: Exporting BUFE8 macro...
	: Macro exported successfully
	: Exporting macro RAM32X8S to Vhdl netlist
	: Exporting RAM32X8S macro...
	: Macro exported successfully
	: Exporting macro F00162_8BIT_2CHANMUX to Vhdl netlist
	: Exporting F00162_8BIT_2CHANMUX macro...
	: Macro exported successfully
	: Exporting macro FD to Vhdl netlist
	: Exporting FD macro...
	: Macro exported successfully
	: Exporting macro BUFT8 to Vhdl netlist
	: Exporting BUFT8 macro...
	: Macro exported successfully
	: Exporting macro ADSU16 to Vhdl netlist
	: Exporting ADSU16 macro...
	: Macro exported successfully
	: Exporting macro INV16 to Vhdl netlist
	: Exporting INV16 macro...
	: Macro exported successfully
	: Exporting macro FD16CE to Vhdl netlist
	: Exporting FD16CE macro...
	: Macro exported successfully
	: Exporting macro BUFT16 to Vhdl netlist
	: Exporting BUFT16 macro...
	: Macro exported successfully
	: Exporting macro F00165_5WAY16BITMUX to Vhdl netlist
	: Exporting F00165_5WAY16BITMUX macro...
	: Macro exported successfully
	: Exporting macro SR16CLED to Vhdl netlist
	: Exporting SR16CLED macro...
	: Macro exported successfully
	: Exporting macro OBUF16 to Vhdl netlist
	: Exporting OBUF16 macro...
	: Macro exported successfully
	: Exporting macro OPAD16 to Vhdl netlist
	: Exporting OPAD16 macro...
	: Macro exported successfully
	: Exporting macro IOPAD16 to Vhdl netlist
	: Exporting IOPAD16 macro...
	: Macro exported successfully
	: Exporting macro OBUFE16 to Vhdl netlist
	: Exporting OBUFE16 macro...
	: Macro exported successfully
	: Exporting macro IBUF16 to Vhdl netlist
	: Exporting IBUF16 macro...
	: Macro exported successfully
	: Exporting macro BUFE16 to Vhdl netlist
	: Exporting BUFE16 macro...
	: Macro exported successfully
	: Exporting macro FD8CE to Vhdl netlist
	: Exporting FD8CE macro...
	: Macro exported successfully
	: Exporting macro OR8 to Vhdl netlist
	: Exporting OR8 macro...
	: Macro exported successfully
	: Exporting macro BUFE to Vhdl netlist
	: Exporting BUFE macro...
	: Macro exported successfully
	: Exporting macro CB16CLE to Vhdl netlist
	: Exporting CB16CLE macro...
	: Macro exported successfully
	: Exporting macro ISM to Vhdl netlist
	: Exporting ISM macro...
	:   ISM netlist skipped.
	: Exporting macro F00162_16BIT_ABUFF to Vhdl netlist
	: Exporting F00162_16BIT_ABUFF macro...
	: Macro exported successfully
	: Exporting macro F00165_16BITX5ORTO16 to Vhdl netlist
	: Exporting F00165_16BITX5ORTO16 macro...
	: Macro exported successfully
	: Exporting macro M2_1 to Vhdl netlist
	: Exporting M2_1 macro...
	: Macro exported successfully
	: Exporting macro OBUFE to Vhdl netlist
	: Exporting OBUFE macro...
	: Macro exported successfully
	: Exporting macro FTCLEX to Vhdl netlist
	: Exporting FTCLEX macro...
	: Macro exported successfully
	: Exporting macro F00162_8BIT_ABUFF to Vhdl netlist
	: Exporting F00162_8BIT_ABUFF macro...
	: Macro exported successfully
	: Export netlist completed in: 00:01:34
