[coded]
$Net00076_=X36_NET00076_X95
$Net00077_=X36_NET00077_X95
$Net00001_=X36_NET00001_X95
$Net00002_=X36_NET00002_X95
$Net00003_=X36_NET00003_X95
$Net00020_=X36_NET00020_X95
$Net00021_=X36_NET00021_X95
$Net00023_=X36_NET00023_X95
$Net00031_=X36_NET00031_X95
$Net00032_=X36_NET00032_X95
$Net00004_=X36_NET00004_X95
$Net00005_=X36_NET00005_X95
$Net00006_=X36_NET00006_X95
$Net00007_=X36_NET00007_X95
$Net00008_=X36_NET00008_X95
$Net00009_=X36_NET00009_X95
$Net00010_=X36_NET00010_X95
$Net00011_=X36_NET00011_X95
$Net00022_=X36_NET00022_X95
$Net00025_=X36_NET00025_X95
$Net00026_=X36_NET00026_X95
$Net00027_=X36_NET00027_X95
$Net00028_=X36_NET00028_X95
$Net00029_=X36_NET00029_X95
$Net00030_=X36_NET00030_X95
$Net00034_=X36_NET00034_X95
$Net00039_=X36_NET00039_X95
$Net00478_=X36_NET00478_X95
$Net00012_=X36_NET00012_X95
$Net00076_assign_OPAD=X36_NET00076_ASSIGN_OPAD
$Net00077_assign_OPAD=X36_NET00077_ASSIGN_OPAD
$I148=X36_I148
$I2=X36_I2
$I3=X36_I3
$I4=X36_I4
$I5=X36_I5
$I6=X36_I6
$I7=X36_I7
$I8=X36_I8
$I9=X36_I9
$I10=X36_I10
$I11=X36_I11
$I12=X36_I12
$I13=X36_I13
$I14=X36_I14
$I15=X36_I15
$I16=X36_I16
$I17=X36_I17
$I18=X36_I18
$I19=X36_I19
$I20=X36_I20
$I21=X36_I21
$I22=X36_I22
$I23=X36_I23
$I24=X36_I24
$I25=X36_I25
$I26=X36_I26
$I27=X36_I27
$I28=X36_I28
$I29=X36_I29
$I30=X36_I30
$I31=X36_I31
$I32=X36_I32
$I33=X36_I33
$I34=X36_I34
$I35=X36_I35
$I36=X36_I36
$I37=X36_I37
$I38=X36_I38
$I39=X36_I39
$I40=X36_I40
$I41=X36_I41
$I42=X36_I42
$I60=X36_I60
$I64=X36_I64
$I65=X36_I65
$I66=X36_I66
$I67=X36_I67
$I68=X36_I68
$I69=X36_I69
$I70=X36_I70
$I71=X36_I71
$I72=X36_I72
$I73=X36_I73
$I74=X36_I74
$I75=X36_I75
$I76=X36_I76
$I77=X36_I77
$I78=X36_I78
$I79=X36_I79
$I80=X36_I80
$I81=X36_I81
$I146=X36_I146
$I83=X36_I83
$I84=X36_I84
$I85=X36_I85
$I86=X36_I86
$I87=X36_I87
$I88=X36_I88
$I89=X36_I89
$I90=X36_I90
$I92=X36_I92
$I93=X36_I93
$I94=X36_I94
$I95=X36_I95
$I96=X36_I96
$I97=X36_I97
$I98=X36_I98
$I115=X36_I115
$I116=X36_I116
$I117=X36_I117
$I118=X36_I118
$I119=X36_I119
$I120=X36_I120
$I121=X36_I121
$I122=X36_I122
$I161=X36_I161
$I128=X36_I128
$I129=X36_I129
$I130=X36_I130
$I131=X36_I131
$I132=X36_I132
$I133=X36_I133
$I134=X36_I134
$I135=X36_I135
$I136=X36_I136
$I137=X36_I137
$I138=X36_I138
$I139=X36_I139
$I140=X36_I140
$I144=X36_I144
$I145=X36_I145
$I159=X36_I159
$I152=X36_I152
$I153=X36_I153
$I154=X36_I154
$I155=X36_I155
$I160=X36_I160
$I162=X36_I162
$I163=X36_I163
$I166=X36_I166
$I170=X36_I170
$I169=X36_I169
$I171=X36_I171
$I172=X36_I172
$I175=X36_I175
$I176=X36_I176
$I177=X36_I177
$I179=X36_I179
$I178=X36_I178
$I180=X36_I180
$I181=X36_I181

[generated]
NET00097=
NET00098=
NET00099=
NET00100=
NET00101=
NET00102=
NET00103=
NET00104=
NET00105=
NET00106=
NET00107=
NET00108=
NET00109=
NET00110=
NET00111=
NET00112=
NET00113=
NET00114=
NET00115=
NET00116=
NET00117=
NET00118=
NET00119=
NET00120=
NET00121=
NET00122=
NET00123=
NET00124=
NET00125=
NET00126=
NET00127=
NET00128=
NET00177=
NET00178=
NET00179=
NET00180=
NET00181=
NET00182=
NET00183=
NET00184=
NET00185=
NET00186=
NET00187=
NET00188=
NET00189=
NET00190=
NET00191=
NET00192=
NET00225=
NET00226=
NET00227=
NET00228=
NET00229=
NET00230=
NET00231=
NET00232=
NET00233=
NET00234=
NET00235=
NET00236=
NET00237=
NET00238=
NET00239=
NET00240=
NET00305=
NET00306=
NET00307=
NET00308=
NET00309=
NET00310=
NET00311=
NET00312=
NET00313=
NET00314=
NET00315=
NET00316=
NET00317=
NET00318=
NET00319=
NET00320=
NET00321=
NET00322=
NET00323=
NET00324=
NET00325=
NET00326=
NET00327=
NET00328=
NET00329=
NET00330=
NET00331=
NET00332=
NET00333=
NET00334=
NET00335=
NET00336=
NET00337=
NET00338=
NET00339=
NET00340=
NET00341=
NET00342=
NET00343=
NET00344=
NET00345=
NET00346=
NET00347=
NET00348=
NET00349=
NET00350=
NET00351=
NET00352=
NET00353=
NET00354=
NET00355=
NET00356=
NET00357=
NET00358=
NET00359=
NET00360=
NET00361=
NET00362=
NET00363=
NET00364=
NET00365=
NET00366=
NET00367=
NET00368=
NET00489=
NET00490=
NET00491=
NET00492=
NET00493=
NET00494=
NET00495=
NET00496=
NET00497=
NET00498=
NET00499=
NET00500=
NET00501=
NET00502=
NET00503=
NET00504=
PINS_PHYSICAL_ADDRESS_BUS15_assign_O15=
PINS_PHYSICAL_ADDRESS_BUS14_assign_O14=
PINS_PHYSICAL_ADDRESS_BUS13_assign_O13=
PINS_PHYSICAL_ADDRESS_BUS12_assign_O12=
PINS_PHYSICAL_ADDRESS_BUS11_assign_O11=
PINS_PHYSICAL_ADDRESS_BUS10_assign_O10=
PINS_PHYSICAL_ADDRESS_BUS9_assign_O9=
PINS_PHYSICAL_ADDRESS_BUS8_assign_O8=
PINS_PHYSICAL_ADDRESS_BUS7_assign_O7=
PINS_PHYSICAL_ADDRESS_BUS6_assign_O6=
PINS_PHYSICAL_ADDRESS_BUS5_assign_O5=
PINS_PHYSICAL_ADDRESS_BUS4_assign_O4=
PINS_PHYSICAL_ADDRESS_BUS3_assign_O3=
PINS_PHYSICAL_ADDRESS_BUS2_assign_O2=
PINS_PHYSICAL_ADDRESS_BUS1_assign_O1=
PINS_PHYSICAL_ADDRESS_BUS0_assign_O0=
RESET_PIN_assign_IPAD=
CLOCK_PIN_assign_IPAD=
$Net00076_assign_OPAD=
$Net00077_assign_OPAD=
