[coded]
$Net00012_=X36_NET00012_X95
$Net00023_=X36_NET00023_X95
$Net00008_=X36_NET00008_X95
$Net00004_=X36_NET00004_X95
$Net00030_=X36_NET00030_X95
$Net00027_=X36_NET00027_X95
$Net00026_=X36_NET00026_X95
$Net00029_=X36_NET00029_X95
$Net00006_=X36_NET00006_X95
$Net00010_=X36_NET00010_X95
$Net00005_=X36_NET00005_X95
$Net00007_=X36_NET00007_X95
$Net00009_=X36_NET00009_X95
$Net00011_=X36_NET00011_X95
$Net00025_=X36_NET00025_X95
$Net00034_=X36_NET00034_X95
$Net00028_=X36_NET00028_X95
$Net00022_=X36_NET00022_X95
$Net00059_=X36_NET00059_X95
$Net00060_=X36_NET00060_X95
$Net00033_=X36_NET00033_X95
$Net00045_=X36_NET00045_X95
$Net00046_=X36_NET00046_X95
$Net00047_=X36_NET00047_X95
$Net00048_=X36_NET00048_X95
$Net00049_=X36_NET00049_X95
$Net00050_=X36_NET00050_X95
$Net00051_=X36_NET00051_X95
$Net00052_=X36_NET00052_X95
$Net00053_=X36_NET00053_X95
$Net00054_=X36_NET00054_X95
$Net00055_=X36_NET00055_X95
$Net00056_=X36_NET00056_X95
$Net00057_=X36_NET00057_X95
$Net00058_=X36_NET00058_X95
$Net00012_assign_OPAD=X36_NET00012_ASSIGN_OPAD
$Net00023_assign_OPAD=X36_NET00023_ASSIGN_OPAD
$I137=X36_I137
$I134=X36_I134
$I133=X36_I133
$I130=X36_I130
$I128=X36_I128
$I116=X36_I116
$I122=X36_I122
$I121=X36_I121
$I120=X36_I120
$I119=X36_I119
$I118=X36_I118
$I117=X36_I117
$I132=X36_I132
$I131=X36_I131
$I135=X36_I135
$I129=X36_I129
$I115=X36_I115
$I136=X36_I136
$I232=X36_I232
$I233=X36_I233
$I234=X36_I234
$I235=X36_I235
$I236=X36_I236
$I237=X36_I237
$I238=X36_I238
$I239=X36_I239
$I240=X36_I240
$I241=X36_I241
$I242=X36_I242
$I311=X36_I311
$I312=X36_I312
$I313=X36_I313
$I314=X36_I314
$I315=X36_I315
$I316=X36_I316
$I317=X36_I317
$I318=X36_I318
$I319=X36_I319
$I320=X36_I320
$I321=X36_I321
$I322=X36_I322
$I323=X36_I323
$I324=X36_I324
$I325=X36_I325
$I326=X36_I326
$I327=X36_I327
$I328=X36_I328
$I329=X36_I329
$I330=X36_I330
$I331=X36_I331
$I332=X36_I332
$I333=X36_I333
$I334=X36_I334
$I335=X36_I335
$I336=X36_I336
$I337=X36_I337
$I338=X36_I338
$I339=X36_I339
$I340=X36_I340
$I341=X36_I341
$I342=X36_I342
$I343=X36_I343
$I344=X36_I344
$I345=X36_I345
$I346=X36_I346
$I347=X36_I347
$I348=X36_I348
$I349=X36_I349
$I382=X36_I382
$I350=X36_I350
$I351=X36_I351
$I352=X36_I352
$I377=X36_I377
$I353=X36_I353
$I243=X36_I243
$I244=X36_I244
$I245=X36_I245
$I246=X36_I246
$I247=X36_I247
$I248=X36_I248
$I249=X36_I249
$I250=X36_I250
$I251=X36_I251
$I252=X36_I252
$I253=X36_I253
$I254=X36_I254
$I255=X36_I255
$I256=X36_I256
$I257=X36_I257
$I258=X36_I258
$I259=X36_I259
$I378=X36_I378
$I265=X36_I265
$I266=X36_I266
$I267=X36_I267
$I269=X36_I269
$I271=X36_I271
$I272=X36_I272
$I273=X36_I273
$I278=X36_I278
$I279=X36_I279
$I280=X36_I280
$I281=X36_I281
$I282=X36_I282
$I387=X36_I387
$I383=X36_I383
$I388=X36_I388
$I385=X36_I385
$I393=X36_I393
$I389=X36_I389
$I394=X36_I394
$I283=X36_I283
$I284=X36_I284
$I286=X36_I286
$I287=X36_I287
$I288=X36_I288
$I380=X36_I380
$I392=X36_I392
$I391=X36_I391
$I289=X36_I289
$I290=X36_I290
$I291=X36_I291
$I292=X36_I292
$I293=X36_I293
$I294=X36_I294
$I295=X36_I295
$I296=X36_I296
$I297=X36_I297
$I298=X36_I298
$I299=X36_I299
$I300=X36_I300
$I301=X36_I301
$I302=X36_I302
$I303=X36_I303
$I304=X36_I304
$I305=X36_I305
$I306=X36_I306
$I307=X36_I307
$I308=X36_I308
$I309=X36_I309
$I310=X36_I310
$I354=X36_I354
$I355=X36_I355
$I356=X36_I356
$I357=X36_I357
$I359=X36_I359
$I360=X36_I360
$I361=X36_I361
$I362=X36_I362
$I363=X36_I363
$I364=X36_I364
$I365=X36_I365
$I366=X36_I366
$I381=X36_I381
$I367=X36_I367
$I368=X36_I368
$I369=X36_I369
$I370=X36_I370
$I371=X36_I371
$I372=X36_I372
$I373=X36_I373
$I374=X36_I374
$I379=X36_I379

[generated]
NET00009=
NET00010=
NET00011=
NET00012=
NET00013=
NET00014=
NET00015=
NET00016=
NET00017=
NET00018=
NET00019=
NET00020=
NET00021=
NET00022=
NET00023=
NET00024=
NET00025=
NET00026=
NET00027=
NET00028=
NET00029=
NET00030=
NET00031=
NET00032=
NET00033=
NET00034=
NET00035=
NET00036=
NET00037=
NET00038=
NET00039=
NET00040=
NET00041=
NET00042=
NET00043=
NET00044=
NET00045=
NET00046=
NET00047=
NET00048=
NET00049=
NET00050=
NET00051=
NET00052=
NET00053=
NET00054=
NET00055=
NET00056=
NET00057=
NET00058=
NET00059=
NET00060=
NET00061=
NET00062=
NET00063=
NET00064=
NET00065=
NET00066=
NET00067=
NET00068=
NET00069=
NET00070=
NET00071=
NET00072=
NET00257=
NET00258=
NET00259=
NET00260=
NET00261=
NET00262=
NET00263=
NET00264=
NET00265=
NET00266=
NET00267=
NET00268=
NET00269=
NET00270=
NET00271=
NET00272=
NET00273=
NET00274=
NET00275=
NET00276=
NET00277=
NET00278=
NET00279=
NET00280=
NET00281=
NET00282=
NET00283=
NET00284=
NET00285=
NET00286=
NET00287=
NET00288=
NET00289=
NET00290=
NET00291=
NET00292=
NET00293=
NET00294=
NET00295=
NET00296=
NET00297=
NET00298=
NET00299=
NET00300=
NET00301=
NET00302=
NET00303=
NET00304=
NET00579=
NET00580=
NET00581=
NET00582=
NET00583=
NET00584=
NET00585=
NET00586=
NET00587=
NET00588=
NET00589=
NET00590=
NET00591=
NET00592=
NET00593=
NET00594=
NET00595=
NET00596=
NET00597=
NET00598=
NET00599=
NET00600=
NET00601=
NET00602=
NET00603=
NET00604=
NET00605=
NET00606=
NET00607=
NET00608=
NET00609=
NET00610=
U14_O2_out=
U14_O1_out=
U14_O0_out=
U15_O2_out=
U15_O1_out=
U15_O0_out=
RESET_PIN_assign_IPAD=
CLOCK_PIN_assign_IPAD=
$Net00012_assign_OPAD=
$Net00023_assign_OPAD=
PINS_PHYSICAL_ADDRESS_BUS15_assign_O15=
PINS_PHYSICAL_ADDRESS_BUS14_assign_O14=
PINS_PHYSICAL_ADDRESS_BUS13_assign_O13=
PINS_PHYSICAL_ADDRESS_BUS12_assign_O12=
PINS_PHYSICAL_ADDRESS_BUS11_assign_O11=
PINS_PHYSICAL_ADDRESS_BUS10_assign_O10=
PINS_PHYSICAL_ADDRESS_BUS9_assign_O9=
PINS_PHYSICAL_ADDRESS_BUS8_assign_O8=
PINS_PHYSICAL_ADDRESS_BUS7_assign_O7=
PINS_PHYSICAL_ADDRESS_BUS6_assign_O6=
PINS_PHYSICAL_ADDRESS_BUS5_assign_O5=
PINS_PHYSICAL_ADDRESS_BUS4_assign_O4=
PINS_PHYSICAL_ADDRESS_BUS3_assign_O3=
PINS_PHYSICAL_ADDRESS_BUS2_assign_O2=
PINS_PHYSICAL_ADDRESS_BUS1_assign_O1=
PINS_PHYSICAL_ADDRESS_BUS0_assign_O0=
