[coded]
$1I145=X36_1I145
$1I161=X36_1I161

[changed]
MDL0=MDL0_comp
MDL1=MDL1_comp
MDL10=MDL10_comp
MDL11=MDL11_comp
MDL12=MDL12_comp
MDL13=MDL13_comp
MDL14=MDL14_comp
MDL15=MDL15_comp
MDL2=MDL2_comp
MDL3=MDL3_comp
MDL4=MDL4_comp
MDL5=MDL5_comp
MDL6=MDL6_comp
MDL7=MDL7_comp
MDL8=MDL8_comp
MDL9=MDL9_comp
MDR0=MDR0_comp
MDR1=MDR1_comp
MDR10=MDR10_comp
MDR11=MDR11_comp
MDR12=MDR12_comp
MDR13=MDR13_comp
MDR14=MDR14_comp
MDR15=MDR15_comp
MDR2=MDR2_comp
MDR3=MDR3_comp
MDR4=MDR4_comp
MDR5=MDR5_comp
MDR6=MDR6_comp
MDR7=MDR7_comp
MDR8=MDR8_comp
MDR9=MDR9_comp
Q0=Q0_comp
Q1=Q1_comp
Q10=Q10_comp
Q11=Q11_comp
Q12=Q12_comp
Q13=Q13_comp
Q14=Q14_comp
Q15=Q15_comp
Q2=Q2_comp
Q3=Q3_comp
Q4=Q4_comp
Q5=Q5_comp
Q6=Q6_comp
Q7=Q7_comp
Q8=Q8_comp
Q9=Q9_comp

[generated]
Q0_assign_D0=
Q9_assign_D0=
Q10_assign_D0=
Q11_assign_D0=
Q12_assign_D0=
Q13_assign_D0=
Q14_assign_D0=
Q1_assign_D0=
Q2_assign_D0=
Q3_assign_D0=
Q4_assign_D0=
Q5_assign_D0=
Q6_assign_D0=
Q7_assign_D0=
Q8_assign_D0=
Q15_assign_D0=
