[coded]
$Net00168_=X36_NET00168_X95
$Net00169_=X36_NET00169_X95
$Net00170_=X36_NET00170_X95
$Net00171_=X36_NET00171_X95
$Net00172_=X36_NET00172_X95
$Net00173_=X36_NET00173_X95
$Net00174_=X36_NET00174_X95
$Net00175_=X36_NET00175_X95
$Net00176_=X36_NET00176_X95
$Net00177_=X36_NET00177_X95
$Net00178_=X36_NET00178_X95
$Net00179_=X36_NET00179_X95
$Net00180_=X36_NET00180_X95
$Net00181_=X36_NET00181_X95
$Net00182_=X36_NET00182_X95
$Net00183_=X36_NET00183_X95
$Net00184_=X36_NET00184_X95
$Net00185_=X36_NET00185_X95
$Net00186_=X36_NET00186_X95
$Net00187_=X36_NET00187_X95
$Net00188_=X36_NET00188_X95
$Net00189_=X36_NET00189_X95
$Net00190_=X36_NET00190_X95
$Net00191_=X36_NET00191_X95
$Net00192_=X36_NET00192_X95
$Net00193_=X36_NET00193_X95
$Net00194_=X36_NET00194_X95
$Net00195_=X36_NET00195_X95
$Net00196_=X36_NET00196_X95
$Net00197_=X36_NET00197_X95
$Net00198_=X36_NET00198_X95
$Net00199_=X36_NET00199_X95
$Net00200_=X36_NET00200_X95
$Net00201_=X36_NET00201_X95
$Net00202_=X36_NET00202_X95
$Net00203_=X36_NET00203_X95
$Net00204_=X36_NET00204_X95
$Net00205_=X36_NET00205_X95
$Net00206_=X36_NET00206_X95
$Net00207_=X36_NET00207_X95
$Net00208_=X36_NET00208_X95
$Net00209_=X36_NET00209_X95
$Net00210_=X36_NET00210_X95
$Net00211_=X36_NET00211_X95
$Net00212_=X36_NET00212_X95
$Net00213_=X36_NET00213_X95
$Net00214_=X36_NET00214_X95
$Net00215_=X36_NET00215_X95
$Net00216_=X36_NET00216_X95
$Net00217_=X36_NET00217_X95
$Net00218_=X36_NET00218_X95
$Net00219_=X36_NET00219_X95
$Net00220_=X36_NET00220_X95
$Net00221_=X36_NET00221_X95
$Net00222_=X36_NET00222_X95
$Net00223_=X36_NET00223_X95
$Net00224_=X36_NET00224_X95
$Net00225_=X36_NET00225_X95
$Net00226_=X36_NET00226_X95
$Net00227_=X36_NET00227_X95
$Net00228_=X36_NET00228_X95
$Net00229_=X36_NET00229_X95
$Net00230_=X36_NET00230_X95
$Net00231_=X36_NET00231_X95
$Net00232_=X36_NET00232_X95
$Net00233_=X36_NET00233_X95
$Net00234_=X36_NET00234_X95
$Net00235_=X36_NET00235_X95
$Net00236_=X36_NET00236_X95
$Net00237_=X36_NET00237_X95
$Net00238_=X36_NET00238_X95
$Net00239_=X36_NET00239_X95
$Net00240_=X36_NET00240_X95
$Net00241_=X36_NET00241_X95
$Net00242_=X36_NET00242_X95
$Net00243_=X36_NET00243_X95
$Net00244_=X36_NET00244_X95
$Net00245_=X36_NET00245_X95
$Net00246_=X36_NET00246_X95
$Net00247_=X36_NET00247_X95
$Net00248_=X36_NET00248_X95
$1I100=X36_1I100
$1I101=X36_1I101
$1I146=X36_1I146
$1I30=X36_1I30
$1I39=X36_1I39
$1I560=X36_1I560
$1I563=X36_1I563
$1I564=X36_1I564
$1I566=X36_1I566
$1I568=X36_1I568
$1I585=X36_1I585
$1I593=X36_1I593
$1I594=X36_1I594
$1I595=X36_1I595
$1I597=X36_1I597
$1I598=X36_1I598
$1I602=X36_1I602
$1I81=X36_1I81
$1I82=X36_1I82
$1I83=X36_1I83
$1I85=X36_1I85
$1I86=X36_1I86
$1I87=X36_1I87
$1I88=X36_1I88
$1I89=X36_1I89
$1I90=X36_1I90
$1I91=X36_1I91
$1I92=X36_1I92
$1I94=X36_1I94
$1I95=X36_1I95
$1I96=X36_1I96

[generated]
CO_assign_O=
OFL_assign_O=
S0_assign_O=
S1_assign_O=
S10_assign_O=
S11_assign_O=
S12_assign_O=
S13_assign_O=
S14_assign_O=
S15_assign_O=
S2_assign_O=
S3_assign_O=
S4_assign_O=
S5_assign_O=
S6_assign_O=
S7_assign_O=
S8_assign_O=
S9_assign_O=

[changed]
S0=S0_comp
S1=S1_comp
S10=S10_comp
S11=S11_comp
S12=S12_comp
S13=S13_comp
S14=S14_comp
S15=S15_comp
S2=S2_comp
S3=S3_comp
S4=S4_comp
S5=S5_comp
S6=S6_comp
S7=S7_comp
S8=S8_comp
S9=S9_comp
