[system macro]
ADSU16=167
BUFT16=167
INV16=167
FD16CE=167
RAM32X8S=167
OR8=167
BUFE=167
FD=167
OBUF16=167
CB16CLE=167
OBUFE16=167
BUFE8=167
D3_8E=167
FD8CE=167
IBUF16=167
SR16CLED=167
BUFE16=167
FTCLEX=167
OBUFE=167
M2_1=167

[system chip]
AND2=167
OR2=167
INV=167
PULLUP=167
IBUF=167
CY4=167
CY4_39=167
XNOR2=167
OR3=167
XOR2=167
CY4_12=167
CY4_42=167
CY4_13=167
XNOR4=167
BUFT=167
FDCE=167
RAM32X1S=167
OR4=167
VCC=167
GND=167
OBUF=167
AND3=167
AND4=167
AND5=167
IOPAD=167
AND4B1=167
AND4B2=167
AND4B3=167
OPAD=167
OBUFT=167
AND2B1=167
